C:\USERS\JOE\DOCUMENTS\VISUAL STUDIO 2012\PROJECTS\DSPROJECT\DSPROJECT\DEBUG\GRAPH.OBJ
C:\USERS\JOE\DOCUMENTS\VISUAL STUDIO 2012\PROJECTS\DSPROJECT\DSPROJECT\DEBUG\SOURCE.OBJ
C:\USERS\JOE\DOCUMENTS\VISUAL STUDIO 2012\PROJECTS\DSPROJECT\DSPROJECT\DEBUG\VC110.PDB
C:\USERS\JOE\DOCUMENTS\VISUAL STUDIO 2012\PROJECTS\DSPROJECT\DEBUG\DSPROJECT.ILK
C:\USERS\JOE\DOCUMENTS\VISUAL STUDIO 2012\PROJECTS\DSPROJECT\DEBUG\DSPROJECT.EXE
C:\USERS\JOE\DOCUMENTS\VISUAL STUDIO 2012\PROJECTS\DSPROJECT\DEBUG\DSPROJECT.PDB
C:\Users\Joe\documents\visual studio 2012\Projects\DSProject\DSProject\Debug\Graph.obj
C:\Users\Joe\documents\visual studio 2012\Projects\DSProject\DSProject\Debug\Source.obj
C:\Users\Joe\documents\visual studio 2012\Projects\DSProject\DSProject\Debug\cl.command.1.tlog
C:\Users\Joe\documents\visual studio 2012\Projects\DSProject\DSProject\Debug\CL.read.1.tlog
C:\Users\Joe\documents\visual studio 2012\Projects\DSProject\DSProject\Debug\CL.write.1.tlog
C:\Users\Joe\documents\visual studio 2012\Projects\DSProject\DSProject\Debug\link-cvtres.read.1.tlog
C:\Users\Joe\documents\visual studio 2012\Projects\DSProject\DSProject\Debug\link-cvtres.write.1.tlog
C:\Users\Joe\documents\visual studio 2012\Projects\DSProject\DSProject\Debug\link-rc.read.1.tlog
C:\Users\Joe\documents\visual studio 2012\Projects\DSProject\DSProject\Debug\link-rc.write.1.tlog
C:\Users\Joe\documents\visual studio 2012\Projects\DSProject\DSProject\Debug\link.14824-cvtres.read.1.tlog
C:\Users\Joe\documents\visual studio 2012\Projects\DSProject\DSProject\Debug\link.14824-cvtres.write.1.tlog
C:\Users\Joe\documents\visual studio 2012\Projects\DSProject\DSProject\Debug\link.14824-rc.read.1.tlog
C:\Users\Joe\documents\visual studio 2012\Projects\DSProject\DSProject\Debug\link.14824-rc.write.1.tlog
C:\Users\Joe\documents\visual studio 2012\Projects\DSProject\DSProject\Debug\link.14824.read.1.tlog
C:\Users\Joe\documents\visual studio 2012\Projects\DSProject\DSProject\Debug\link.14824.write.1.tlog
C:\Users\Joe\documents\visual studio 2012\Projects\DSProject\DSProject\Debug\link.15216-cvtres.read.1.tlog
C:\Users\Joe\documents\visual studio 2012\Projects\DSProject\DSProject\Debug\link.15216-cvtres.write.1.tlog
C:\Users\Joe\documents\visual studio 2012\Projects\DSProject\DSProject\Debug\link.15216-rc.read.1.tlog
C:\Users\Joe\documents\visual studio 2012\Projects\DSProject\DSProject\Debug\link.15216-rc.write.1.tlog
C:\Users\Joe\documents\visual studio 2012\Projects\DSProject\DSProject\Debug\link.15216.read.1.tlog
C:\Users\Joe\documents\visual studio 2012\Projects\DSProject\DSProject\Debug\link.15216.write.1.tlog
C:\Users\Joe\documents\visual studio 2012\Projects\DSProject\DSProject\Debug\link.command.1.tlog
C:\Users\Joe\documents\visual studio 2012\Projects\DSProject\DSProject\Debug\link.read.1.tlog
C:\Users\Joe\documents\visual studio 2012\Projects\DSProject\DSProject\Debug\link.write.1.tlog
C:\Users\Joe\documents\visual studio 2012\Projects\DSProject\DSProject\Debug\vc110.idb
C:\Users\Joe\documents\visual studio 2012\Projects\DSProject\DSProject\Debug\vc110.pdb
C:\Users\Joe\documents\visual studio 2012\Projects\DSProject\Debug\DSProject.pdb
C:\Users\Joe\documents\visual studio 2012\Projects\DSProject\Debug\DSProject.exe
C:\Users\Joe\documents\visual studio 2012\Projects\DSProject\Debug\DSProject.ilk
